2021-05-11T03:03:05.675Z [ba567859-c328-43dd-9b49-e280bfac9b45] [undefined] error: TypeError: Cannot convert object to primitive value
    at Printf.template (D:\home\tinyurl\log.js:37:82)
    at Printf.transform (D:\home\tinyurl\node_modules\_logform@2.2.0@logform\printf.js:11:26)
    at Format.transform (D:\home\tinyurl\node_modules\_logform@2.2.0@logform\combine.js:20:24)
    at DerivedLogger._transform (D:\home\tinyurl\node_modules\_winston@3.3.3@winston\lib\winston\logger.js:305:29)
    at DerivedLogger.Transform._read (D:\home\tinyurl\node_modules\_readable-stream@3.6.0@readable-stream\lib\_stream_transform.js:177:10)
    at DerivedLogger.Transform._write (D:\home\tinyurl\node_modules\_readable-stream@3.6.0@readable-stream\lib\_stream_transform.js:164:83)
    at doWrite (D:\home\tinyurl\node_modules\_readable-stream@3.6.0@readable-stream\lib\_stream_writable.js:409:139)
    at writeOrBuffer (D:\home\tinyurl\node_modules\_readable-stream@3.6.0@readable-stream\lib\_stream_writable.js:398:5)
    at DerivedLogger.Writable.write (D:\home\tinyurl\node_modules\_readable-stream@3.6.0@readable-stream\lib\_stream_writable.js:307:11)
    at DerivedLogger.<computed> [as info] (D:\home\tinyurl\node_modules\_winston@3.3.3@winston\lib\winston\create-logger.js:81:14)
2021-05-11T03:08:38.601Z [21eb20f2-4a36-47b2-ac9d-b98fb035b257] [38d81ea3-ec53-4c9a-88cc-71a38359000b] error: TypeError: Cannot convert object to primitive value
    at Printf.template (D:\home\tinyurl\log.js:37:82)
    at Printf.transform (D:\home\tinyurl\node_modules\_logform@2.2.0@logform\printf.js:11:26)
    at Format.transform (D:\home\tinyurl\node_modules\_logform@2.2.0@logform\combine.js:20:24)
    at DerivedLogger._transform (D:\home\tinyurl\node_modules\_winston@3.3.3@winston\lib\winston\logger.js:305:29)
    at DerivedLogger.Transform._read (D:\home\tinyurl\node_modules\_readable-stream@3.6.0@readable-stream\lib\_stream_transform.js:177:10)
    at DerivedLogger.Transform._write (D:\home\tinyurl\node_modules\_readable-stream@3.6.0@readable-stream\lib\_stream_transform.js:164:83)
    at doWrite (D:\home\tinyurl\node_modules\_readable-stream@3.6.0@readable-stream\lib\_stream_writable.js:409:139)
    at writeOrBuffer (D:\home\tinyurl\node_modules\_readable-stream@3.6.0@readable-stream\lib\_stream_writable.js:398:5)
    at DerivedLogger.Writable.write (D:\home\tinyurl\node_modules\_readable-stream@3.6.0@readable-stream\lib\_stream_writable.js:307:11)
    at DerivedLogger.<computed> [as info] (D:\home\tinyurl\node_modules\_winston@3.3.3@winston\lib\winston\create-logger.js:81:14)
2021-05-11T03:12:55.829Z [db56fe93-2d48-473f-a5aa-00e2230b0720] [dfd41d43-16fb-4505-8a7e-67654cac1d92] error: TypeError: Cannot convert object to primitive value
    at Printf.template (D:\home\tinyurl\log.js:37:82)
    at Printf.transform (D:\home\tinyurl\node_modules\_logform@2.2.0@logform\printf.js:11:26)
    at Format.transform (D:\home\tinyurl\node_modules\_logform@2.2.0@logform\combine.js:20:24)
    at DerivedLogger._transform (D:\home\tinyurl\node_modules\_winston@3.3.3@winston\lib\winston\logger.js:305:29)
    at DerivedLogger.Transform._read (D:\home\tinyurl\node_modules\_readable-stream@3.6.0@readable-stream\lib\_stream_transform.js:177:10)
    at DerivedLogger.Transform._write (D:\home\tinyurl\node_modules\_readable-stream@3.6.0@readable-stream\lib\_stream_transform.js:164:83)
    at doWrite (D:\home\tinyurl\node_modules\_readable-stream@3.6.0@readable-stream\lib\_stream_writable.js:409:139)
    at writeOrBuffer (D:\home\tinyurl\node_modules\_readable-stream@3.6.0@readable-stream\lib\_stream_writable.js:398:5)
    at DerivedLogger.Writable.write (D:\home\tinyurl\node_modules\_readable-stream@3.6.0@readable-stream\lib\_stream_writable.js:307:11)
    at DerivedLogger.<computed> [as info] (D:\home\tinyurl\node_modules\_winston@3.3.3@winston\lib\winston\create-logger.js:81:14)
2021-05-11T03:13:22.807Z [f998afe0-ab99-4be0-9cb5-3e7b1a0d5728] error: TypeError: Cannot convert object to primitive value
    at Printf.template (D:\home\tinyurl\log.js:37:62)
    at Printf.transform (D:\home\tinyurl\node_modules\_logform@2.2.0@logform\printf.js:11:26)
    at Format.transform (D:\home\tinyurl\node_modules\_logform@2.2.0@logform\combine.js:20:24)
    at DerivedLogger._transform (D:\home\tinyurl\node_modules\_winston@3.3.3@winston\lib\winston\logger.js:305:29)
    at DerivedLogger.Transform._read (D:\home\tinyurl\node_modules\_readable-stream@3.6.0@readable-stream\lib\_stream_transform.js:177:10)
    at DerivedLogger.Transform._write (D:\home\tinyurl\node_modules\_readable-stream@3.6.0@readable-stream\lib\_stream_transform.js:164:83)
    at doWrite (D:\home\tinyurl\node_modules\_readable-stream@3.6.0@readable-stream\lib\_stream_writable.js:409:139)
    at writeOrBuffer (D:\home\tinyurl\node_modules\_readable-stream@3.6.0@readable-stream\lib\_stream_writable.js:398:5)
    at DerivedLogger.Writable.write (D:\home\tinyurl\node_modules\_readable-stream@3.6.0@readable-stream\lib\_stream_writable.js:307:11)
    at DerivedLogger.<computed> [as info] (D:\home\tinyurl\node_modules\_winston@3.3.3@winston\lib\winston\create-logger.js:81:14)
2021-05-11T03:19:16.015Z [dfc7ee3c-4750-4b65-b1ea-ebc807b69ebd] error: TypeError: Cannot convert object to primitive value
    at Printf.template (D:\home\tinyurl\log.js:37:62)
    at Printf.transform (D:\home\tinyurl\node_modules\_logform@2.2.0@logform\printf.js:11:26)
    at Format.transform (D:\home\tinyurl\node_modules\_logform@2.2.0@logform\combine.js:20:24)
    at DerivedLogger._transform (D:\home\tinyurl\node_modules\_winston@3.3.3@winston\lib\winston\logger.js:305:29)
    at DerivedLogger.Transform._read (D:\home\tinyurl\node_modules\_readable-stream@3.6.0@readable-stream\lib\_stream_transform.js:177:10)
    at DerivedLogger.Transform._write (D:\home\tinyurl\node_modules\_readable-stream@3.6.0@readable-stream\lib\_stream_transform.js:164:83)
    at doWrite (D:\home\tinyurl\node_modules\_readable-stream@3.6.0@readable-stream\lib\_stream_writable.js:409:139)
    at writeOrBuffer (D:\home\tinyurl\node_modules\_readable-stream@3.6.0@readable-stream\lib\_stream_writable.js:398:5)
    at DerivedLogger.Writable.write (D:\home\tinyurl\node_modules\_readable-stream@3.6.0@readable-stream\lib\_stream_writable.js:307:11)
    at DerivedLogger.<computed> [as info] (D:\home\tinyurl\node_modules\_winston@3.3.3@winston\lib\winston\create-logger.js:81:14)
2021-05-11T03:19:49.731Z [deaa66b4-42db-40b2-8363-da4d4ee45d5e] info:
2021-05-11T03:19:50.068Z [deaa66b4-42db-40b2-8363-da4d4ee45d5e] info:
2021-05-11T03:19:50.070Z [deaa66b4-42db-40b2-8363-da4d4ee45d5e] info:
2021-05-11T03:20:53.427Z [ed1390eb-7990-49cb-8448-5e3650bbb5bf] [81dd2bee-965b-4751-aa36-fefe2127bb03] error: TypeError: Cannot convert object to primitive value
    at Printf.template (D:\home\tinyurl\log.js:35:23)
    at Printf.transform (D:\home\tinyurl\node_modules\_logform@2.2.0@logform\printf.js:11:26)
    at Format.transform (D:\home\tinyurl\node_modules\_logform@2.2.0@logform\combine.js:20:24)
    at DerivedLogger._transform (D:\home\tinyurl\node_modules\_winston@3.3.3@winston\lib\winston\logger.js:305:29)
    at DerivedLogger.Transform._read (D:\home\tinyurl\node_modules\_readable-stream@3.6.0@readable-stream\lib\_stream_transform.js:177:10)
    at DerivedLogger.Transform._write (D:\home\tinyurl\node_modules\_readable-stream@3.6.0@readable-stream\lib\_stream_transform.js:164:83)
    at doWrite (D:\home\tinyurl\node_modules\_readable-stream@3.6.0@readable-stream\lib\_stream_writable.js:409:139)
    at writeOrBuffer (D:\home\tinyurl\node_modules\_readable-stream@3.6.0@readable-stream\lib\_stream_writable.js:398:5)
    at DerivedLogger.Writable.write (D:\home\tinyurl\node_modules\_readable-stream@3.6.0@readable-stream\lib\_stream_writable.js:307:11)
    at DerivedLogger.<computed> [as info] (D:\home\tinyurl\node_modules\_winston@3.3.3@winston\lib\winston\create-logger.js:81:14)
2021-05-11T03:21:35.404Z [d1f69818-e7a0-49b3-afe5-3cd953d6ac04] [8575a342-7915-4b5c-9e7d-2035dbbfed90] error: TypeError: info.message.toString is not a function
    at Printf.template (D:\home\tinyurl\log.js:35:24)
    at Printf.transform (D:\home\tinyurl\node_modules\_logform@2.2.0@logform\printf.js:11:26)
    at Format.transform (D:\home\tinyurl\node_modules\_logform@2.2.0@logform\combine.js:20:24)
    at DerivedLogger._transform (D:\home\tinyurl\node_modules\_winston@3.3.3@winston\lib\winston\logger.js:305:29)
    at DerivedLogger.Transform._read (D:\home\tinyurl\node_modules\_readable-stream@3.6.0@readable-stream\lib\_stream_transform.js:177:10)
    at DerivedLogger.Transform._write (D:\home\tinyurl\node_modules\_readable-stream@3.6.0@readable-stream\lib\_stream_transform.js:164:83)
    at doWrite (D:\home\tinyurl\node_modules\_readable-stream@3.6.0@readable-stream\lib\_stream_writable.js:409:139)
    at writeOrBuffer (D:\home\tinyurl\node_modules\_readable-stream@3.6.0@readable-stream\lib\_stream_writable.js:398:5)
    at DerivedLogger.Writable.write (D:\home\tinyurl\node_modules\_readable-stream@3.6.0@readable-stream\lib\_stream_writable.js:307:11)
    at DerivedLogger.<computed> [as info] (D:\home\tinyurl\node_modules\_winston@3.3.3@winston\lib\winston\create-logger.js:81:14)
2021-05-11T03:22:50.871Z [74fc76a2-bc45-430b-a436-af30abb28be1] [90e680a0-f372-433e-aa9f-395d3367c153] error: TypeError: Cannot convert object to primitive value
    at Printf.template (D:\home\tinyurl\log.js:37:82)
    at Printf.transform (D:\home\tinyurl\node_modules\_logform@2.2.0@logform\printf.js:11:26)
    at Format.transform (D:\home\tinyurl\node_modules\_logform@2.2.0@logform\combine.js:20:24)
    at DerivedLogger._transform (D:\home\tinyurl\node_modules\_winston@3.3.3@winston\lib\winston\logger.js:305:29)
    at DerivedLogger.Transform._read (D:\home\tinyurl\node_modules\_readable-stream@3.6.0@readable-stream\lib\_stream_transform.js:177:10)
    at DerivedLogger.Transform._write (D:\home\tinyurl\node_modules\_readable-stream@3.6.0@readable-stream\lib\_stream_transform.js:164:83)
    at doWrite (D:\home\tinyurl\node_modules\_readable-stream@3.6.0@readable-stream\lib\_stream_writable.js:409:139)
    at writeOrBuffer (D:\home\tinyurl\node_modules\_readable-stream@3.6.0@readable-stream\lib\_stream_writable.js:398:5)
    at DerivedLogger.Writable.write (D:\home\tinyurl\node_modules\_readable-stream@3.6.0@readable-stream\lib\_stream_writable.js:307:11)
    at DerivedLogger.<computed> [as info] (D:\home\tinyurl\node_modules\_winston@3.3.3@winston\lib\winston\create-logger.js:81:14)
2021-05-11T03:26:10.687Z [de87f801-0c92-4460-9624-0a85972dd516] [f44b9a65-ce0e-4afe-afb7-90f514c207b0] info: [object Object]
2021-05-11T03:26:10.793Z [de87f801-0c92-4460-9624-0a85972dd516] [f44b9a65-ce0e-4afe-afb7-90f514c207b0] info: [object String]
2021-05-11T03:26:10.795Z [de87f801-0c92-4460-9624-0a85972dd516] [f44b9a65-ce0e-4afe-afb7-90f514c207b0] info: [object String]
2021-05-11T03:28:50.011Z [e56e6a6e-69a4-4a72-affc-7e59e44f4b6b] [d1a9001e-8a17-4960-9085-7975cfbe711e] info: {"longUrl":"https://www.baidu.com/3"}
2021-05-11T03:28:50.067Z [e56e6a6e-69a4-4a72-affc-7e59e44f4b6b] [d1a9001e-8a17-4960-9085-7975cfbe711e] info: this longUrl is exsits => [{"id":3,"tiny_url":"3","long_url":"https://www.baidu.com/3"}]
2021-05-11T03:28:50.068Z [e56e6a6e-69a4-4a72-affc-7e59e44f4b6b] [d1a9001e-8a17-4960-9085-7975cfbe711e] info: commit
2021-05-11T03:29:16.660Z [e56e6a6e-69a4-4a72-affc-7e59e44f4b6b] [f3eba6cf-5636-462f-a6ec-abfae5bc118d] info: {"longUrl":"https://www.baidu.com/3"}
2021-05-11T03:29:29.181Z [e56e6a6e-69a4-4a72-affc-7e59e44f4b6b] [d1a9001e-8a17-4960-9085-7975cfbe711e] info: this longUrl is exsits => [{"id":3,"tiny_url":"3","long_url":"https://www.baidu.com/3"}]
2021-05-11T03:29:29.182Z [e56e6a6e-69a4-4a72-affc-7e59e44f4b6b] [d1a9001e-8a17-4960-9085-7975cfbe711e] info: commit
2021-05-11T03:44:27.016Z [f5f700b3-49b5-44f7-a419-821d2cc09d57] [56e25452-3a69-4f8e-b39b-192b4975cb4d] info: {"longUrl":"https://www.baidu.com/3"}
2021-05-11T03:44:27.133Z [f5f700b3-49b5-44f7-a419-821d2cc09d57] [56e25452-3a69-4f8e-b39b-192b4975cb4d] info: this longUrl is exsits => [{"id":3,"tiny_url":"3","long_url":"https://www.baidu.com/3"}]
2021-05-11T03:44:27.135Z [f5f700b3-49b5-44f7-a419-821d2cc09d57] [56e25452-3a69-4f8e-b39b-192b4975cb4d] info: commit
2021-05-11T03:44:38.274Z [f5f700b3-49b5-44f7-a419-821d2cc09d57] [7f697150-f2b0-45f9-823f-57e6ea5a7822] info: {"longUrl":"https://www.baidu.com/3"}
2021-05-11T03:44:38.280Z [f5f700b3-49b5-44f7-a419-821d2cc09d57] [56e25452-3a69-4f8e-b39b-192b4975cb4d] info: this longUrl is exsits => [{"id":3,"tiny_url":"3","long_url":"https://www.baidu.com/3"}]
2021-05-11T03:44:38.281Z [f5f700b3-49b5-44f7-a419-821d2cc09d57] [56e25452-3a69-4f8e-b39b-192b4975cb4d] info: commit
2021-05-11T03:56:08.893Z [350cf2c9-e952-41ad-a5d0-974e7a672e2a] [2763b079-d9fa-48a0-bdb4-cace34a49ffb] info: {"longUrl":"https://www.baidu.com/3"}
2021-05-11T03:56:08.954Z [350cf2c9-e952-41ad-a5d0-974e7a672e2a] [2763b079-d9fa-48a0-bdb4-cace34a49ffb] info: this longUrl is exsits => [{"id":3,"tiny_url":"3","long_url":"https://www.baidu.com/3"}]
2021-05-11T03:56:08.963Z [350cf2c9-e952-41ad-a5d0-974e7a672e2a] [2763b079-d9fa-48a0-bdb4-cace34a49ffb] info: commit
2021-05-11T03:56:19.586Z [350cf2c9-e952-41ad-a5d0-974e7a672e2a] [57a35839-808b-4580-87f8-e6b17a248daf] info: {"longUrl":"https://www.baidu.com/3"}
2021-05-11T03:56:19.599Z [350cf2c9-e952-41ad-a5d0-974e7a672e2a] [2763b079-d9fa-48a0-bdb4-cace34a49ffb] info: this longUrl is exsits => [{"id":3,"tiny_url":"3","long_url":"https://www.baidu.com/3"}]
2021-05-11T03:56:19.600Z [350cf2c9-e952-41ad-a5d0-974e7a672e2a] [2763b079-d9fa-48a0-bdb4-cace34a49ffb] info: commit
2021-05-11T03:58:20.785Z [97389456-03dc-4b63-8b89-cb6e15b47108] [7f83bd28-8de8-478e-bd65-2ffe4d84cc02] info: {"longUrl":"https://www.baidu.com/3"}
2021-05-11T03:58:20.892Z [97389456-03dc-4b63-8b89-cb6e15b47108] [7f83bd28-8de8-478e-bd65-2ffe4d84cc02] info: this longUrl is exsits => [{"id":3,"tiny_url":"3","long_url":"https://www.baidu.com/3"}]
2021-05-11T03:58:20.903Z [97389456-03dc-4b63-8b89-cb6e15b47108] [7f83bd28-8de8-478e-bd65-2ffe4d84cc02] info: commit
2021-05-11T03:58:21.779Z [97389456-03dc-4b63-8b89-cb6e15b47108] [98c9b5e6-8332-4826-bb0a-28d56b6ed3d1] info: {"longUrl":"https://www.baidu.com/3"}
2021-05-11T03:58:21.796Z [97389456-03dc-4b63-8b89-cb6e15b47108] [7f83bd28-8de8-478e-bd65-2ffe4d84cc02] info: this longUrl is exsits => [{"id":3,"tiny_url":"3","long_url":"https://www.baidu.com/3"}]
2021-05-11T03:58:21.801Z [97389456-03dc-4b63-8b89-cb6e15b47108] [7f83bd28-8de8-478e-bd65-2ffe4d84cc02] info: commit
2021-05-11T05:16:36.942Z [cbaaede8-1de4-49ee-8788-a49934cd4dce] [1aa29c75-49a0-494a-8524-c3658d36870c] info: {"longUrl":"https://www.baidu.com/3"}
2021-05-11T05:16:37.024Z [cbaaede8-1de4-49ee-8788-a49934cd4dce] [1aa29c75-49a0-494a-8524-c3658d36870c] info: this longUrl is exsits => [{"id":3,"tiny_url":"3","long_url":"https://www.baidu.com/3"}]
2021-05-11T05:16:37.039Z [cbaaede8-1de4-49ee-8788-a49934cd4dce] [1aa29c75-49a0-494a-8524-c3658d36870c] info: commit
2021-05-11T05:17:01.809Z [d0fdb76b-2aab-4ccd-861c-f0263d2ece33] [71e246aa-6ce2-43c3-be9d-4bc8102b9f81] info: {"longUrl":"https://www.baidu.com/3"}
2021-05-11T05:17:01.924Z [d0fdb76b-2aab-4ccd-861c-f0263d2ece33] [71e246aa-6ce2-43c3-be9d-4bc8102b9f81] info: this longUrl is exsits => [{"id":3,"tiny_url":"3","long_url":"https://www.baidu.com/3"}]
2021-05-11T05:17:01.933Z [d0fdb76b-2aab-4ccd-861c-f0263d2ece33] [71e246aa-6ce2-43c3-be9d-4bc8102b9f81] info: commit
2021-05-11T05:17:02.646Z [d0fdb76b-2aab-4ccd-861c-f0263d2ece33] [9e130e8a-7eb7-46d7-ba72-f11739960b15] info: {"longUrl":"https://www.baidu.com/3"}
2021-05-11T05:17:02.660Z [d0fdb76b-2aab-4ccd-861c-f0263d2ece33] [71e246aa-6ce2-43c3-be9d-4bc8102b9f81] info: this longUrl is exsits => [{"id":3,"tiny_url":"3","long_url":"https://www.baidu.com/3"}]
2021-05-11T05:17:02.671Z [d0fdb76b-2aab-4ccd-861c-f0263d2ece33] [71e246aa-6ce2-43c3-be9d-4bc8102b9f81] info: commit
2021-05-11T05:18:26.166Z [a3feed0b-f021-4457-bdb3-2a1fe9a50690] [ef0d089c-59cf-43de-b1f8-9bbc93428ddc] info: {"longUrl":"https://www.baidu.com/3"}
2021-05-11T05:18:26.271Z [a3feed0b-f021-4457-bdb3-2a1fe9a50690] [ef0d089c-59cf-43de-b1f8-9bbc93428ddc] info: this longUrl is exsits => [{"id":3,"tiny_url":"3","long_url":"https://www.baidu.com/3"}]
2021-05-11T05:18:26.274Z [a3feed0b-f021-4457-bdb3-2a1fe9a50690] [ef0d089c-59cf-43de-b1f8-9bbc93428ddc] info: commit
2021-05-11T05:18:26.924Z [a3feed0b-f021-4457-bdb3-2a1fe9a50690] [cdd3e5fb-e522-43f7-b46c-fa34da3c5a4b] info: {"longUrl":"https://www.baidu.com/3"}
2021-05-11T05:18:26.939Z [a3feed0b-f021-4457-bdb3-2a1fe9a50690] [ef0d089c-59cf-43de-b1f8-9bbc93428ddc] info: this longUrl is exsits => [{"id":3,"tiny_url":"3","long_url":"https://www.baidu.com/3"}]
2021-05-11T05:18:26.943Z [a3feed0b-f021-4457-bdb3-2a1fe9a50690] [ef0d089c-59cf-43de-b1f8-9bbc93428ddc] info: commit
2021-05-11T05:22:45.504Z [fc726661-aed0-4311-936d-9f949d4c5ce6] [c87aede2-e10a-413f-96fb-a3a28251c45e] info: {"longUrl":"https://www.baidu.com/3"}
2021-05-11T05:22:45.646Z [fc726661-aed0-4311-936d-9f949d4c5ce6] [c87aede2-e10a-413f-96fb-a3a28251c45e] info: this longUrl is exsits => [{"id":3,"tiny_url":"3","long_url":"https://www.baidu.com/3"}]
2021-05-11T05:22:45.698Z [fc726661-aed0-4311-936d-9f949d4c5ce6] [c87aede2-e10a-413f-96fb-a3a28251c45e] info: commit
2021-05-11T05:22:47.855Z [fc726661-aed0-4311-936d-9f949d4c5ce6] [05db6d05-a1c5-4661-9b91-5eddf7c3bc98] info: {"longUrl":"https://www.baidu.com/3"}
2021-05-11T05:22:47.934Z [fc726661-aed0-4311-936d-9f949d4c5ce6] [c87aede2-e10a-413f-96fb-a3a28251c45e] info: this longUrl is exsits => [{"id":3,"tiny_url":"3","long_url":"https://www.baidu.com/3"}]
2021-05-11T05:22:48.053Z [fc726661-aed0-4311-936d-9f949d4c5ce6] [c87aede2-e10a-413f-96fb-a3a28251c45e] info: commit
2021-05-11T06:35:08.056Z [6bc32d3f-07bc-41fd-b850-17db1bea7c60] [36aad2ba-5000-48ae-9431-57ba432b2a7c] info: {"longUrl":"https://www.baidu.com/3"}
2021-05-11T06:35:08.163Z [6bc32d3f-07bc-41fd-b850-17db1bea7c60] [36aad2ba-5000-48ae-9431-57ba432b2a7c] info: this longUrl is exsits => [{"id":3,"tiny_url":"3","long_url":"https://www.baidu.com/3"}]
2021-05-11T06:35:08.166Z [6bc32d3f-07bc-41fd-b850-17db1bea7c60] [36aad2ba-5000-48ae-9431-57ba432b2a7c] info: commit
2021-05-11T06:35:08.872Z [6bc32d3f-07bc-41fd-b850-17db1bea7c60] [5875fc84-bf00-4df0-9e78-f254f0e62276] info: {"longUrl":"https://www.baidu.com/3"}
2021-05-11T06:35:08.883Z [6bc32d3f-07bc-41fd-b850-17db1bea7c60] [36aad2ba-5000-48ae-9431-57ba432b2a7c] info: this longUrl is exsits => [{"id":3,"tiny_url":"3","long_url":"https://www.baidu.com/3"}]
2021-05-11T06:35:08.885Z [6bc32d3f-07bc-41fd-b850-17db1bea7c60] [36aad2ba-5000-48ae-9431-57ba432b2a7c] info: commit
2021-05-11T06:42:53.285Z [d2cd04a1-9125-49a9-be44-6d6349641686] [bb87ba49-9502-426b-bd6d-6da516df1d7d] info: {"longUrl":"https://www.baidu.com/3"}
2021-05-11T06:42:53.395Z [d2cd04a1-9125-49a9-be44-6d6349641686] [bb87ba49-9502-426b-bd6d-6da516df1d7d] info: this longUrl is exsits => [{"id":3,"tiny_url":"3","long_url":"https://www.baidu.com/3"}]
2021-05-11T06:42:53.398Z [d2cd04a1-9125-49a9-be44-6d6349641686] [bb87ba49-9502-426b-bd6d-6da516df1d7d] info: commit
2021-05-11T06:43:19.526Z [3852fa8f-3899-4799-9663-64e0ee0736ab] [9facd726-21ce-4fb2-81ce-8edf27dbb5d5] info: {"longUrl":"https://www.baidu.com/3"}
2021-05-11T06:43:19.650Z [3852fa8f-3899-4799-9663-64e0ee0736ab] [9facd726-21ce-4fb2-81ce-8edf27dbb5d5] info: this longUrl is exsits => [{"id":3,"tiny_url":"3","long_url":"https://www.baidu.com/3"}]
2021-05-11T06:43:19.652Z [3852fa8f-3899-4799-9663-64e0ee0736ab] [9facd726-21ce-4fb2-81ce-8edf27dbb5d5] info: commit
2021-05-11T06:43:27.154Z [3852fa8f-3899-4799-9663-64e0ee0736ab] [54568adf-be39-42e4-8357-9834d0acd91c] info: {"longUrl":"https://www.baidu.com/3"}
2021-05-11T06:43:27.163Z [3852fa8f-3899-4799-9663-64e0ee0736ab] [9facd726-21ce-4fb2-81ce-8edf27dbb5d5] info: this longUrl is exsits => [{"id":3,"tiny_url":"3","long_url":"https://www.baidu.com/3"}]
2021-05-11T06:43:27.165Z [3852fa8f-3899-4799-9663-64e0ee0736ab] [9facd726-21ce-4fb2-81ce-8edf27dbb5d5] info: commit
2021-05-11T06:45:12.797Z [3093cd1c-e37c-4059-b739-e04bcbd6f83c] [296030a1-18d8-48a1-b976-1c13d38309f2] info: {"longUrl":"https://www.baidu.com/3"}
2021-05-11T06:45:12.910Z [3093cd1c-e37c-4059-b739-e04bcbd6f83c] [296030a1-18d8-48a1-b976-1c13d38309f2] info: this longUrl is exsits => [{"id":3,"tiny_url":"3","long_url":"https://www.baidu.com/3"}]
2021-05-11T06:45:12.917Z [3093cd1c-e37c-4059-b739-e04bcbd6f83c] [296030a1-18d8-48a1-b976-1c13d38309f2] info: commit
2021-05-11T06:45:13.713Z [3093cd1c-e37c-4059-b739-e04bcbd6f83c] [053f50c0-a702-4495-98a4-dca2424c63a0] info: {"longUrl":"https://www.baidu.com/3"}
2021-05-11T06:45:13.727Z [3093cd1c-e37c-4059-b739-e04bcbd6f83c] [296030a1-18d8-48a1-b976-1c13d38309f2] info: this longUrl is exsits => [{"id":3,"tiny_url":"3","long_url":"https://www.baidu.com/3"}]
2021-05-11T06:45:13.735Z [3093cd1c-e37c-4059-b739-e04bcbd6f83c] [296030a1-18d8-48a1-b976-1c13d38309f2] info: commit
2021-05-11T06:46:13.468Z [dc8a7277-6856-47ce-b723-e7a1c76b6e89] [b4b27339-8c80-45c7-b8ac-1eced73b16b7] info: {"longUrl":"https://www.baidu.com/3"}
2021-05-11T06:46:13.592Z [dc8a7277-6856-47ce-b723-e7a1c76b6e89] [b4b27339-8c80-45c7-b8ac-1eced73b16b7] info: this longUrl is exsits => [{"id":3,"tiny_url":"3","long_url":"https://www.baidu.com/3"}]
2021-05-11T06:46:13.594Z [dc8a7277-6856-47ce-b723-e7a1c76b6e89] [b4b27339-8c80-45c7-b8ac-1eced73b16b7] info: commit
2021-05-11T06:46:14.545Z [dc8a7277-6856-47ce-b723-e7a1c76b6e89] [714da270-02b1-4a2d-927b-b97c975435b0] info: {"longUrl":"https://www.baidu.com/3"}
2021-05-11T06:46:14.564Z [dc8a7277-6856-47ce-b723-e7a1c76b6e89] [b4b27339-8c80-45c7-b8ac-1eced73b16b7] info: this longUrl is exsits => [{"id":3,"tiny_url":"3","long_url":"https://www.baidu.com/3"}]
2021-05-11T06:46:14.572Z [dc8a7277-6856-47ce-b723-e7a1c76b6e89] [b4b27339-8c80-45c7-b8ac-1eced73b16b7] info: commit
2021-05-11T06:47:39.012Z [96d1da8e-3b7d-4b02-872c-25f42bfdd552] [c19b6324-b70f-4c76-bca0-e434ba8dad6e] info: {"longUrl":"https://www.baidu.com/3"}
2021-05-11T06:47:39.123Z [96d1da8e-3b7d-4b02-872c-25f42bfdd552] [c19b6324-b70f-4c76-bca0-e434ba8dad6e] info: this longUrl is exsits => [{"id":3,"tiny_url":"3","long_url":"https://www.baidu.com/3"}]
2021-05-11T06:47:39.129Z [96d1da8e-3b7d-4b02-872c-25f42bfdd552] [c19b6324-b70f-4c76-bca0-e434ba8dad6e] info: commit
2021-05-11T06:47:39.736Z [96d1da8e-3b7d-4b02-872c-25f42bfdd552] [0c474d02-b7c2-4af7-b409-d8a1889d1add] info: {"longUrl":"https://www.baidu.com/3"}
2021-05-11T06:47:39.756Z [96d1da8e-3b7d-4b02-872c-25f42bfdd552] [c19b6324-b70f-4c76-bca0-e434ba8dad6e] info: this longUrl is exsits => [{"id":3,"tiny_url":"3","long_url":"https://www.baidu.com/3"}]
2021-05-11T06:47:39.768Z [96d1da8e-3b7d-4b02-872c-25f42bfdd552] [c19b6324-b70f-4c76-bca0-e434ba8dad6e] info: commit
2021-05-11T06:49:39.924Z [7a7ba5de-8290-4e7f-a3fb-9f0006a9846f] [d658b921-242e-4e11-8647-3c01eefb535c] info: {"longUrl":"https://www.baidu.com/3"}
2021-05-11T06:49:40.048Z [7a7ba5de-8290-4e7f-a3fb-9f0006a9846f] [d658b921-242e-4e11-8647-3c01eefb535c] info: this longUrl is exsits => [{"id":3,"tiny_url":"3","long_url":"https://www.baidu.com/3"}]
2021-05-11T06:49:40.053Z [7a7ba5de-8290-4e7f-a3fb-9f0006a9846f] [d658b921-242e-4e11-8647-3c01eefb535c] info: commit
2021-05-11T06:49:40.784Z [7a7ba5de-8290-4e7f-a3fb-9f0006a9846f] [b62cb404-019f-473e-bd12-4d636743c39c] info: {"longUrl":"https://www.baidu.com/3"}
2021-05-11T06:49:40.809Z [7a7ba5de-8290-4e7f-a3fb-9f0006a9846f] [d658b921-242e-4e11-8647-3c01eefb535c] info: this longUrl is exsits => [{"id":3,"tiny_url":"3","long_url":"https://www.baidu.com/3"}]
2021-05-11T06:49:40.815Z [7a7ba5de-8290-4e7f-a3fb-9f0006a9846f] [d658b921-242e-4e11-8647-3c01eefb535c] info: commit
2021-05-11T07:06:04.292Z [8e141682-41eb-462e-a34f-3eeedf9849f8] [aa5c4694-a053-4ff9-b6f4-30babc63ff9f] info: {"longUrl":"https://www.baidu.com/3"}
2021-05-11T07:06:04.437Z [8e141682-41eb-462e-a34f-3eeedf9849f8] [aa5c4694-a053-4ff9-b6f4-30babc63ff9f] info: this longUrl is exsits => [{"id":3,"tiny_url":"3","long_url":"https://www.baidu.com/3"}]
2021-05-11T07:06:04.453Z [8e141682-41eb-462e-a34f-3eeedf9849f8] [aa5c4694-a053-4ff9-b6f4-30babc63ff9f] info: commit
2021-05-11T07:06:05.078Z [8e141682-41eb-462e-a34f-3eeedf9849f8] [d504567d-e78d-47fd-bfc6-8de8f20c574c] info: {"longUrl":"https://www.baidu.com/3"}
2021-05-11T07:06:05.118Z [8e141682-41eb-462e-a34f-3eeedf9849f8] [aa5c4694-a053-4ff9-b6f4-30babc63ff9f] info: this longUrl is exsits => [{"id":3,"tiny_url":"3","long_url":"https://www.baidu.com/3"}]
2021-05-11T07:06:05.122Z [8e141682-41eb-462e-a34f-3eeedf9849f8] [aa5c4694-a053-4ff9-b6f4-30babc63ff9f] info: commit
2021-05-11T07:08:31.073Z [cbcd8b76-0f82-4544-8563-775bf262e39d] [d1d49998-e3c2-4d32-8e96-c482ae232334] info: {"longUrl":"https://www.baidu.com/3"}
2021-05-11T07:08:31.191Z [cbcd8b76-0f82-4544-8563-775bf262e39d] [d1d49998-e3c2-4d32-8e96-c482ae232334] info: this longUrl is exsits => [{"id":3,"tiny_url":"3","long_url":"https://www.baidu.com/3"}]
2021-05-11T07:08:31.194Z [cbcd8b76-0f82-4544-8563-775bf262e39d] [d1d49998-e3c2-4d32-8e96-c482ae232334] info: commit
2021-05-11T07:08:31.780Z [cbcd8b76-0f82-4544-8563-775bf262e39d] [522c4766-c599-41d7-a5e1-aadb882a6a0a] info: {"longUrl":"https://www.baidu.com/3"}
2021-05-11T07:08:31.818Z [cbcd8b76-0f82-4544-8563-775bf262e39d] [d1d49998-e3c2-4d32-8e96-c482ae232334] info: this longUrl is exsits => [{"id":3,"tiny_url":"3","long_url":"https://www.baidu.com/3"}]
2021-05-11T07:08:31.821Z [cbcd8b76-0f82-4544-8563-775bf262e39d] [d1d49998-e3c2-4d32-8e96-c482ae232334] info: commit
2021-05-11T07:17:10.673Z [73153785-8856-4568-b303-74f96e7465b8] [1ac02795-0561-4784-afbc-ba7355429b89] info: {"longUrl":"https://www.baidu.com/3"}
2021-05-11T07:17:10.785Z [73153785-8856-4568-b303-74f96e7465b8] [1ac02795-0561-4784-afbc-ba7355429b89] info: this longUrl is exsits => [{"id":3,"tiny_url":"3","long_url":"https://www.baidu.com/3"}]
2021-05-11T07:17:10.790Z [73153785-8856-4568-b303-74f96e7465b8] [1ac02795-0561-4784-afbc-ba7355429b89] info: commit
2021-05-11T07:17:11.903Z [73153785-8856-4568-b303-74f96e7465b8] [22d2fa14-7560-437b-ae82-9e7e815679cc] info: {"longUrl":"https://www.baidu.com/3"}
2021-05-11T07:17:11.933Z [73153785-8856-4568-b303-74f96e7465b8] [1ac02795-0561-4784-afbc-ba7355429b89] info: this longUrl is exsits => [{"id":3,"tiny_url":"3","long_url":"https://www.baidu.com/3"}]
2021-05-11T07:17:11.940Z [73153785-8856-4568-b303-74f96e7465b8] [1ac02795-0561-4784-afbc-ba7355429b89] info: commit
2021-05-11T07:23:39.630Z [cbc58e5b-4e72-4e2e-9ecd-91f26d5e1ea8] [f901961e-938a-41b1-be98-16a0a72e5095] info: {"longUrl":"https://www.baidu.com/3"}
2021-05-11T07:23:39.779Z [cbc58e5b-4e72-4e2e-9ecd-91f26d5e1ea8] [f901961e-938a-41b1-be98-16a0a72e5095] info: this longUrl is exsits => [{"id":3,"tiny_url":"3","long_url":"https://www.baidu.com/3"}]
2021-05-11T07:23:39.786Z [cbc58e5b-4e72-4e2e-9ecd-91f26d5e1ea8] [f901961e-938a-41b1-be98-16a0a72e5095] info: commit
2021-05-11T07:23:40.412Z [cbc58e5b-4e72-4e2e-9ecd-91f26d5e1ea8] [4462390b-3a51-4baa-b874-4717dba87bec] info: {"longUrl":"https://www.baidu.com/3"}
2021-05-11T07:23:40.441Z [cbc58e5b-4e72-4e2e-9ecd-91f26d5e1ea8] [f901961e-938a-41b1-be98-16a0a72e5095] info: this longUrl is exsits => [{"id":3,"tiny_url":"3","long_url":"https://www.baidu.com/3"}]
2021-05-11T07:23:40.447Z [cbc58e5b-4e72-4e2e-9ecd-91f26d5e1ea8] [f901961e-938a-41b1-be98-16a0a72e5095] info: commit
2021-05-11T07:24:24.577Z [c495cb70-a189-4194-8bf1-e77511f62bf1] [e6d42101-758f-4cdf-9468-5b85d2a88297] info: {"longUrl":"https://www.baidu.com/3"}
2021-05-11T07:24:24.705Z [c495cb70-a189-4194-8bf1-e77511f62bf1] [e6d42101-758f-4cdf-9468-5b85d2a88297] info: this longUrl is exsits => [{"id":3,"tiny_url":"3","long_url":"https://www.baidu.com/3"}]
2021-05-11T07:24:24.714Z [c495cb70-a189-4194-8bf1-e77511f62bf1] [e6d42101-758f-4cdf-9468-5b85d2a88297] info: commit
2021-05-11T07:24:25.235Z [c495cb70-a189-4194-8bf1-e77511f62bf1] [6deed9b0-70f1-4cfb-a9e7-0bc7246cb0a5] info: {"longUrl":"https://www.baidu.com/3"}
2021-05-11T07:24:25.256Z [c495cb70-a189-4194-8bf1-e77511f62bf1] [e6d42101-758f-4cdf-9468-5b85d2a88297] info: this longUrl is exsits => [{"id":3,"tiny_url":"3","long_url":"https://www.baidu.com/3"}]
2021-05-11T07:24:25.270Z [c495cb70-a189-4194-8bf1-e77511f62bf1] [e6d42101-758f-4cdf-9468-5b85d2a88297] info: commit
2021-05-11T07:31:36.208Z [30947022-c867-4923-8c2e-6bddd0d5f622] [91d1a686-6a68-4c5b-8044-8ab3c8f6f6c9] info: {"longUrl":"https://www.baidu.com/3"}
2021-05-11T07:31:36.280Z [30947022-c867-4923-8c2e-6bddd0d5f622] [91d1a686-6a68-4c5b-8044-8ab3c8f6f6c9] info: this longUrl is exsits => [{"id":3,"tiny_url":"3","long_url":"https://www.baidu.com/3"}]
2021-05-11T07:31:36.285Z [30947022-c867-4923-8c2e-6bddd0d5f622] [91d1a686-6a68-4c5b-8044-8ab3c8f6f6c9] info: commit
2021-05-11T07:31:37.183Z [30947022-c867-4923-8c2e-6bddd0d5f622] [152f62ce-97b6-496a-ac64-80d81a87a11d] info: {"longUrl":"https://www.baidu.com/3"}
2021-05-11T07:31:37.206Z [30947022-c867-4923-8c2e-6bddd0d5f622] [91d1a686-6a68-4c5b-8044-8ab3c8f6f6c9] info: this longUrl is exsits => [{"id":3,"tiny_url":"3","long_url":"https://www.baidu.com/3"}]
2021-05-11T07:31:37.213Z [30947022-c867-4923-8c2e-6bddd0d5f622] [91d1a686-6a68-4c5b-8044-8ab3c8f6f6c9] info: commit
2021-05-11T07:35:48.031Z [be8eed82-6478-4b8e-baa4-e8ae5d49a534] [252e3c09-2e6e-42cd-8872-2d47d3e13ec3] info: {"longUrl":"https://www.baidu.com/3"}
2021-05-11T07:35:48.150Z [be8eed82-6478-4b8e-baa4-e8ae5d49a534] [252e3c09-2e6e-42cd-8872-2d47d3e13ec3] info: this longUrl is exsits => [{"id":3,"tiny_url":"3","long_url":"https://www.baidu.com/3"}]
2021-05-11T07:35:48.158Z [be8eed82-6478-4b8e-baa4-e8ae5d49a534] [252e3c09-2e6e-42cd-8872-2d47d3e13ec3] info: commit
2021-05-11T07:35:48.836Z [be8eed82-6478-4b8e-baa4-e8ae5d49a534] [c426405d-babc-4d3b-ad80-19ef59606e9e] info: {"longUrl":"https://www.baidu.com/3"}
2021-05-11T07:35:48.860Z [be8eed82-6478-4b8e-baa4-e8ae5d49a534] [252e3c09-2e6e-42cd-8872-2d47d3e13ec3] info: this longUrl is exsits => [{"id":3,"tiny_url":"3","long_url":"https://www.baidu.com/3"}]
2021-05-11T07:35:48.874Z [be8eed82-6478-4b8e-baa4-e8ae5d49a534] [252e3c09-2e6e-42cd-8872-2d47d3e13ec3] info: commit
2021-05-11T07:53:58.004Z [884e791e-3132-4a5c-9ad5-281f8ef3a6e2] [c077b76c-f64e-40c0-afbc-b79d82287f84] info: {"longUrl":"https://www.baidu.com/3"}
2021-05-11T07:53:58.034Z [884e791e-3132-4a5c-9ad5-281f8ef3a6e2] [c077b76c-f64e-40c0-afbc-b79d82287f84] error: TypeError: data.substr is not a function
    at Object.generateTinyUrl (D:\home\tinyurl\tiny.js:26:20)
    at processTicksAndRejections (internal/process/task_queues.js:93:5)
    at async D:\home\tinyurl\server.js:36:17
    at async Server.<anonymous> (D:\home\tinyurl\server.js:15:2)
2021-05-11T07:53:59.279Z [884e791e-3132-4a5c-9ad5-281f8ef3a6e2] [ace9ef86-4ef7-4ef1-bdf2-8b9e69b00b46] info: {"longUrl":"https://www.baidu.com/3"}
2021-05-11T07:53:59.288Z [884e791e-3132-4a5c-9ad5-281f8ef3a6e2] [ace9ef86-4ef7-4ef1-bdf2-8b9e69b00b46] error: TypeError: data.substr is not a function
    at Object.generateTinyUrl (D:\home\tinyurl\tiny.js:26:20)
    at processTicksAndRejections (internal/process/task_queues.js:93:5)
    at async D:\home\tinyurl\server.js:36:17
    at async Server.<anonymous> (D:\home\tinyurl\server.js:15:2)
2021-05-11T07:54:24.587Z [da7a6fb5-53a7-41cc-a372-efe2a27a52e7] [10bfa72c-912d-4715-9bb9-82cc5f8ded56] info: {"longUrl":"https://www.baidu.com/3"}
2021-05-11T07:54:24.735Z [da7a6fb5-53a7-41cc-a372-efe2a27a52e7] [10bfa72c-912d-4715-9bb9-82cc5f8ded56] info: this longUrl is exsits => [{"id":3,"tiny_url":"3","long_url":"https://www.baidu.com/3"}]
2021-05-11T07:54:24.745Z [da7a6fb5-53a7-41cc-a372-efe2a27a52e7] [10bfa72c-912d-4715-9bb9-82cc5f8ded56] info: commit
2021-05-11T07:54:25.517Z [da7a6fb5-53a7-41cc-a372-efe2a27a52e7] [15ee28f2-1fc1-42eb-b8cf-005ceeec473c] info: {"longUrl":"https://www.baidu.com/3"}
2021-05-11T07:54:25.554Z [da7a6fb5-53a7-41cc-a372-efe2a27a52e7] [10bfa72c-912d-4715-9bb9-82cc5f8ded56] info: this longUrl is exsits => [{"id":3,"tiny_url":"3","long_url":"https://www.baidu.com/3"}]
2021-05-11T07:54:25.565Z [da7a6fb5-53a7-41cc-a372-efe2a27a52e7] [10bfa72c-912d-4715-9bb9-82cc5f8ded56] info: commit
2021-05-11T07:58:40.215Z [a235c112-08e8-464b-af37-d0138b98fd94] [b7c8d09b-4adc-4de0-b0ea-733ad766da44] info: {"longUrl":"https://www.baidu.com/3"}
2021-05-11T07:58:40.336Z [a235c112-08e8-464b-af37-d0138b98fd94] [b7c8d09b-4adc-4de0-b0ea-733ad766da44] info: commit
2021-05-11T07:58:41.444Z [a235c112-08e8-464b-af37-d0138b98fd94] [5f62486e-8605-4212-a7ba-03031c45a530] info: {"longUrl":"https://www.baidu.com/3"}
2021-05-11T07:58:41.467Z [a235c112-08e8-464b-af37-d0138b98fd94] [b7c8d09b-4adc-4de0-b0ea-733ad766da44] info: commit
2021-05-11T07:59:42.448Z [362fce4e-ea0b-407c-96d9-1c7251a92e76] [4bad0e4f-e37e-4d94-ab28-65ef379bf3ad] info: {"longUrl":"https://www.baidu.com/3"}
2021-05-11T07:59:42.579Z [362fce4e-ea0b-407c-96d9-1c7251a92e76] [4bad0e4f-e37e-4d94-ab28-65ef379bf3ad] info: commit
2021-05-11T07:59:43.189Z [362fce4e-ea0b-407c-96d9-1c7251a92e76] [3406253c-4b09-40e6-ab4f-c0497df0ae4d] info: {"longUrl":"https://www.baidu.com/3"}
2021-05-11T07:59:43.226Z [362fce4e-ea0b-407c-96d9-1c7251a92e76] [4bad0e4f-e37e-4d94-ab28-65ef379bf3ad] info: commit
2021-05-11T08:05:25.087Z [1bd9d80c-71be-46ad-bf25-dcaa3e35bae4] [8c7a5969-7028-4083-b6e6-0e1cfbfd1e4b] info: {"longUrl":"https://www.baidu.com/3"}
2021-05-11T08:05:25.120Z [1bd9d80c-71be-46ad-bf25-dcaa3e35bae4] [8c7a5969-7028-4083-b6e6-0e1cfbfd1e4b] error: ReferenceError: getCtx is not defined
    at D:\home\tinyurl\tiny.js:18:20
    at FSReqCallback.readFileAfterClose [as oncomplete] (internal/fs/read_file_context.js:63:3)
    at FSReqCallback.callbackTrampoline (internal/async_hooks.js:131:14)
2021-05-11T08:05:57.805Z [2eeb0ea5-c3af-45e6-a8c4-ad3bdcbb751f] [22a94da3-f067-464e-91ec-2318ecc5fb15] info: {"longUrl":"https://www.baidu.com/3"}
2021-05-11T08:05:57.836Z [2eeb0ea5-c3af-45e6-a8c4-ad3bdcbb751f] [22a94da3-f067-464e-91ec-2318ecc5fb15] error: ReferenceError: als is not defined
    at D:\home\tinyurl\tiny.js:18:46
    at FSReqCallback.readFileAfterClose [as oncomplete] (internal/fs/read_file_context.js:63:3)
    at FSReqCallback.callbackTrampoline (internal/async_hooks.js:131:14)
2021-05-11T08:06:20.865Z [b6b14b72-46d3-48cb-9640-48bfc0bfca0e] [c658e70d-3a2c-4181-8bbb-2c56ffa229d4] info: {"longUrl":"https://www.baidu.com/3"}
2021-05-11T08:06:21.012Z [b6b14b72-46d3-48cb-9640-48bfc0bfca0e] [c658e70d-3a2c-4181-8bbb-2c56ffa229d4] info: commit
2021-05-11T08:06:22.863Z [b6b14b72-46d3-48cb-9640-48bfc0bfca0e] [c1708d46-a9fb-4cc7-a5bb-601f49bba67d] info: {"longUrl":"https://www.baidu.com/3"}
2021-05-11T08:06:22.884Z [b6b14b72-46d3-48cb-9640-48bfc0bfca0e] [c658e70d-3a2c-4181-8bbb-2c56ffa229d4] info: commit
2021-05-11T08:18:28.531Z [191db656-e28c-49d3-8e9c-d24cb8beb951] [fa4c7e3f-90c6-4c81-b074-5141fc06cb3e] info: {"longUrl":"https://www.baidu.com/3"}
2021-05-11T08:18:28.633Z [191db656-e28c-49d3-8e9c-d24cb8beb951] [fa4c7e3f-90c6-4c81-b074-5141fc06cb3e] info: this longUrl is exsits => [{"id":3,"tiny_url":"3","long_url":"https://www.baidu.com/3"}]
2021-05-11T08:18:28.635Z [191db656-e28c-49d3-8e9c-d24cb8beb951] [fa4c7e3f-90c6-4c81-b074-5141fc06cb3e] info: commit
2021-05-11T08:18:29.919Z [191db656-e28c-49d3-8e9c-d24cb8beb951] [fb3a0b0a-dcac-40e4-b514-552e42aec3c6] info: {"longUrl":"https://www.baidu.com/3"}
2021-05-11T08:18:29.925Z [191db656-e28c-49d3-8e9c-d24cb8beb951] [fa4c7e3f-90c6-4c81-b074-5141fc06cb3e] info: this longUrl is exsits => [{"id":3,"tiny_url":"3","long_url":"https://www.baidu.com/3"}]
2021-05-11T08:18:29.927Z [191db656-e28c-49d3-8e9c-d24cb8beb951] [fa4c7e3f-90c6-4c81-b074-5141fc06cb3e] info: commit
2021-05-11T08:29:26.576Z [e55134b9-b845-4316-b8b0-488459da833e] [9404c608-2db1-4941-a2ae-b22ffd558df4] info: {"longUrl":"https://www.baidu.com/3"}
2021-05-11T08:30:50.694Z [e55134b9-b845-4316-b8b0-488459da833e] [eb814f0b-74de-4a69-ac58-1cb863b7e427] info: {"longUrl":"https://www.baidu.com/3"}
2021-05-11T08:30:50.733Z [e55134b9-b845-4316-b8b0-488459da833e] [eb814f0b-74de-4a69-ac58-1cb863b7e427] info: this longUrl is exsits => [{"id":3,"tiny_url":"3","long_url":"https://www.baidu.com/3"}]
2021-05-11T08:30:50.737Z [e55134b9-b845-4316-b8b0-488459da833e] [eb814f0b-74de-4a69-ac58-1cb863b7e427] error: TypeError [ERR_INVALID_ARG_TYPE]: The first argument must be of type string or an instance of Buffer or Uint8Array. Received undefined
    at write_ (_http_outgoing.js:696:11)
    at ServerResponse.write (_http_outgoing.js:661:15)
    at D:\home\tinyurl\server.js:36:8
    at processTicksAndRejections (internal/process/task_queues.js:93:5)
    at async Server.<anonymous> (D:\home\tinyurl\server.js:14:2)
2021-05-11T08:30:50.816Z [e55134b9-b845-4316-b8b0-488459da833e] [9404c608-2db1-4941-a2ae-b22ffd558df4] info: this longUrl is exsits => [{"id":3,"tiny_url":"3","long_url":"https://www.baidu.com/3"}]
2021-05-11T08:30:50.819Z [e55134b9-b845-4316-b8b0-488459da833e] [9404c608-2db1-4941-a2ae-b22ffd558df4] error: TypeError [ERR_INVALID_ARG_TYPE]: The first argument must be of type string or an instance of Buffer or Uint8Array. Received undefined
    at write_ (_http_outgoing.js:696:11)
    at ServerResponse.write (_http_outgoing.js:661:15)
    at D:\home\tinyurl\server.js:36:8
    at processTicksAndRejections (internal/process/task_queues.js:93:5)
    at async Server.<anonymous> (D:\home\tinyurl\server.js:14:2)
2021-05-11T08:31:04.989Z [16210d4a-2618-4643-a482-5b5bdc6754df] [5b1879eb-598d-4e28-ac8a-61dcf8a818ba] info: {"longUrl":"https://www.baidu.com/3"}
2021-05-11T08:31:05.044Z [16210d4a-2618-4643-a482-5b5bdc6754df] [5b1879eb-598d-4e28-ac8a-61dcf8a818ba] info: this longUrl is exsits => [{"id":3,"tiny_url":"3","long_url":"https://www.baidu.com/3"}]
2021-05-11T08:31:05.047Z [16210d4a-2618-4643-a482-5b5bdc6754df] [5b1879eb-598d-4e28-ac8a-61dcf8a818ba] error: TypeError [ERR_INVALID_ARG_TYPE]: The first argument must be of type string or an instance of Buffer or Uint8Array. Received undefined
    at write_ (_http_outgoing.js:696:11)
    at ServerResponse.write (_http_outgoing.js:661:15)
    at D:\home\tinyurl\server.js:36:8
    at processTicksAndRejections (internal/process/task_queues.js:93:5)
    at async Server.<anonymous> (D:\home\tinyurl\server.js:14:2)
2021-05-11T08:31:06.020Z [16210d4a-2618-4643-a482-5b5bdc6754df] [bba9fb91-09ca-44fd-9108-45659cef7c15] info: {"longUrl":"https://www.baidu.com/3"}
2021-05-11T08:31:06.026Z [16210d4a-2618-4643-a482-5b5bdc6754df] [bba9fb91-09ca-44fd-9108-45659cef7c15] info: this longUrl is exsits => [{"id":3,"tiny_url":"3","long_url":"https://www.baidu.com/3"}]
2021-05-11T08:31:06.030Z [16210d4a-2618-4643-a482-5b5bdc6754df] [bba9fb91-09ca-44fd-9108-45659cef7c15] error: TypeError [ERR_INVALID_ARG_TYPE]: The first argument must be of type string or an instance of Buffer or Uint8Array. Received undefined
    at write_ (_http_outgoing.js:696:11)
    at ServerResponse.write (_http_outgoing.js:661:15)
    at D:\home\tinyurl\server.js:36:8
    at processTicksAndRejections (internal/process/task_queues.js:93:5)
    at async Server.<anonymous> (D:\home\tinyurl\server.js:14:2)
2021-05-11T08:33:45.949Z [4de90c07-7e29-4385-b987-217fbe3dd029] [e1a76e26-a323-4428-a419-08041e019367] info: {"longUrl":"https://www.baidu.com/3"}
2021-05-11T08:33:46.053Z [4de90c07-7e29-4385-b987-217fbe3dd029] [e1a76e26-a323-4428-a419-08041e019367] info: this longUrl is exsits => [{"id":3,"tiny_url":"3","long_url":"https://www.baidu.com/3"}]
2021-05-11T08:33:46.792Z [4de90c07-7e29-4385-b987-217fbe3dd029] [40506481-5b05-4c0b-b402-777f734f2be3] info: {"longUrl":"https://www.baidu.com/3"}
2021-05-11T08:33:46.801Z [4de90c07-7e29-4385-b987-217fbe3dd029] [40506481-5b05-4c0b-b402-777f734f2be3] info: this longUrl is exsits => [{"id":3,"tiny_url":"3","long_url":"https://www.baidu.com/3"}]
2021-05-11T08:36:16.389Z [382131ef-0d69-47dc-a343-fa9275e7843b] [8cecdca5-c497-4d79-9aff-92649b447f12] info: {"longUrl":"https://www.baidu.com/3"}
2021-05-11T08:36:16.494Z [382131ef-0d69-47dc-a343-fa9275e7843b] [8cecdca5-c497-4d79-9aff-92649b447f12] info: this longUrl is exsits => [{"id":3,"tiny_url":"3","long_url":"https://www.baidu.com/3"}]
2021-05-11T08:36:16.497Z [382131ef-0d69-47dc-a343-fa9275e7843b] [8cecdca5-c497-4d79-9aff-92649b447f12] info: commit
2021-05-11T08:36:17.177Z [382131ef-0d69-47dc-a343-fa9275e7843b] [548e6ec9-29f0-404d-a77f-0a0e18f7aafc] info: {"longUrl":"https://www.baidu.com/3"}
2021-05-11T08:36:17.184Z [382131ef-0d69-47dc-a343-fa9275e7843b] [548e6ec9-29f0-404d-a77f-0a0e18f7aafc] info: this longUrl is exsits => [{"id":3,"tiny_url":"3","long_url":"https://www.baidu.com/3"}]
2021-05-11T08:36:17.187Z [382131ef-0d69-47dc-a343-fa9275e7843b] [8cecdca5-c497-4d79-9aff-92649b447f12] info: commit
2021-05-11T08:37:26.761Z [286e9fb1-5e2a-4144-a371-9ec84488a73d] [73f5c7d3-d13e-4458-9466-a19e98ea1328] info: {"longUrl":"https://www.baidu.com/3"}
2021-05-11T08:37:26.879Z [286e9fb1-5e2a-4144-a371-9ec84488a73d] [73f5c7d3-d13e-4458-9466-a19e98ea1328] info: this longUrl is exsits => [{"id":3,"tiny_url":"3","long_url":"https://www.baidu.com/3"}]
2021-05-11T08:37:26.882Z [286e9fb1-5e2a-4144-a371-9ec84488a73d] [73f5c7d3-d13e-4458-9466-a19e98ea1328] info: commit
2021-05-11T08:37:27.450Z [286e9fb1-5e2a-4144-a371-9ec84488a73d] [7dd8dc82-4138-4bed-98b3-072bdfa1a48f] info: {"longUrl":"https://www.baidu.com/3"}
2021-05-11T08:37:27.460Z [286e9fb1-5e2a-4144-a371-9ec84488a73d] [7dd8dc82-4138-4bed-98b3-072bdfa1a48f] info: this longUrl is exsits => [{"id":3,"tiny_url":"3","long_url":"https://www.baidu.com/3"}]
2021-05-11T08:37:27.463Z [286e9fb1-5e2a-4144-a371-9ec84488a73d] [73f5c7d3-d13e-4458-9466-a19e98ea1328] info: commit
2021-05-11T08:42:57.915Z [7d9d325a-5851-47e1-888d-76618326dd49] [cfe8d22f-50d2-4883-aa4d-badcc79196c9] info: {"longUrl":"https://www.baidu.com/3"}
2021-05-11T08:42:58.026Z [7d9d325a-5851-47e1-888d-76618326dd49] [cfe8d22f-50d2-4883-aa4d-badcc79196c9] info: this longUrl is exsits => [{"id":3,"tiny_url":"3","long_url":"https://www.baidu.com/3"}]
2021-05-11T08:42:58.028Z [7d9d325a-5851-47e1-888d-76618326dd49] [cfe8d22f-50d2-4883-aa4d-badcc79196c9] info: commit
2021-05-11T08:42:58.916Z [7d9d325a-5851-47e1-888d-76618326dd49] [fe43236d-dd90-43ff-afd2-93093c441af6] info: {"longUrl":"https://www.baidu.com/3"}
2021-05-11T08:42:58.927Z [7d9d325a-5851-47e1-888d-76618326dd49] [cfe8d22f-50d2-4883-aa4d-badcc79196c9] info: this longUrl is exsits => [{"id":3,"tiny_url":"3","long_url":"https://www.baidu.com/3"}]
2021-05-11T08:42:58.931Z [7d9d325a-5851-47e1-888d-76618326dd49] [cfe8d22f-50d2-4883-aa4d-badcc79196c9] info: commit
2021-05-11T08:43:57.561Z [7804506a-60b4-4595-82a9-5c0c8b7cc035] [8c64e005-abb5-4931-8573-470690091c07] info: {"longUrl":"https://www.baidu.com/3"}
2021-05-11T08:43:57.683Z [7804506a-60b4-4595-82a9-5c0c8b7cc035] [8c64e005-abb5-4931-8573-470690091c07] info: this longUrl is exsits => [{"id":3,"tiny_url":"3","long_url":"https://www.baidu.com/3"}]
2021-05-11T08:43:57.693Z [7804506a-60b4-4595-82a9-5c0c8b7cc035] [8c64e005-abb5-4931-8573-470690091c07] info: commit
2021-05-11T08:44:03.786Z [7804506a-60b4-4595-82a9-5c0c8b7cc035] [4789b4fb-5f4e-4353-802b-4765a3cc9361] info: {"longUrl":"https://www.baidu.com/3"}
2021-05-11T08:44:03.797Z [7804506a-60b4-4595-82a9-5c0c8b7cc035] [8c64e005-abb5-4931-8573-470690091c07] info: this longUrl is exsits => [{"id":3,"tiny_url":"3","long_url":"https://www.baidu.com/3"}]
2021-05-11T08:44:03.798Z [7804506a-60b4-4595-82a9-5c0c8b7cc035] [8c64e005-abb5-4931-8573-470690091c07] info: commit
2021-05-11T08:45:26.360Z [ed546229-7b58-4118-9afa-8a2cbead96ed] [ed5d9ae1-116f-4438-a152-e7073bb24a82] info: {"longUrl":"https://www.baidu.com/3"}
2021-05-11T08:45:26.468Z [ed546229-7b58-4118-9afa-8a2cbead96ed] [ed5d9ae1-116f-4438-a152-e7073bb24a82] info: this longUrl is exsits => [{"id":3,"tiny_url":"3","long_url":"https://www.baidu.com/3"}]
2021-05-11T08:45:26.471Z [ed546229-7b58-4118-9afa-8a2cbead96ed] [ed5d9ae1-116f-4438-a152-e7073bb24a82] info: commit
2021-05-11T08:45:27.090Z [ed546229-7b58-4118-9afa-8a2cbead96ed] [9e64c8ca-0a97-46c8-878d-f7e637ad3cfb] info: {"longUrl":"https://www.baidu.com/3"}
2021-05-11T08:45:27.106Z [ed546229-7b58-4118-9afa-8a2cbead96ed] [9e64c8ca-0a97-46c8-878d-f7e637ad3cfb] info: this longUrl is exsits => [{"id":3,"tiny_url":"3","long_url":"https://www.baidu.com/3"}]
2021-05-11T08:45:27.107Z [ed546229-7b58-4118-9afa-8a2cbead96ed] [ed5d9ae1-116f-4438-a152-e7073bb24a82] info: commit
2021-05-11T09:07:55.572Z [e9629e68-1009-4baa-b445-283c74388640] [e93256e5-3df1-4325-b600-5848d4261006] info: {"longUrl":"https://www.baidu.com/3"}
2021-05-11T09:07:55.683Z [e9629e68-1009-4baa-b445-283c74388640] [e93256e5-3df1-4325-b600-5848d4261006] info: this longUrl is exsits => [{"id":3,"tiny_url":"3","long_url":"https://www.baidu.com/3"}]
2021-05-11T09:07:55.686Z [e9629e68-1009-4baa-b445-283c74388640] [e93256e5-3df1-4325-b600-5848d4261006] info: commit
2021-05-11T09:07:56.401Z [e9629e68-1009-4baa-b445-283c74388640] [163eda59-b492-4aeb-8a8a-56f091b78d9c] info: {"longUrl":"https://www.baidu.com/3"}
2021-05-11T09:07:56.410Z [e9629e68-1009-4baa-b445-283c74388640] [163eda59-b492-4aeb-8a8a-56f091b78d9c] info: this longUrl is exsits => [{"id":3,"tiny_url":"3","long_url":"https://www.baidu.com/3"}]
2021-05-11T09:07:56.411Z [e9629e68-1009-4baa-b445-283c74388640] [e93256e5-3df1-4325-b600-5848d4261006] info: commit
2021-05-11T09:09:34.641Z [79c5b660-ef73-4a8b-9b7a-64e341dc02b5] [b1f3db4d-c448-49b7-92c5-5fcda0b1307e] info: {"longUrl":"https://www.baidu.com/3"}
2021-05-11T09:09:34.755Z [79c5b660-ef73-4a8b-9b7a-64e341dc02b5] [b1f3db4d-c448-49b7-92c5-5fcda0b1307e] info: this longUrl is exsits => [{"id":3,"tiny_url":"3","long_url":"https://www.baidu.com/3"}]
2021-05-11T09:09:34.758Z [79c5b660-ef73-4a8b-9b7a-64e341dc02b5] [b1f3db4d-c448-49b7-92c5-5fcda0b1307e] info: commit
2021-05-11T09:09:36.576Z [79c5b660-ef73-4a8b-9b7a-64e341dc02b5] [1bbde73a-7dcc-4d7a-b658-2d2da587bcf3] info: {"longUrl":"https://www.baidu.com/3"}
2021-05-11T09:09:36.590Z [79c5b660-ef73-4a8b-9b7a-64e341dc02b5] [1bbde73a-7dcc-4d7a-b658-2d2da587bcf3] info: this longUrl is exsits => [{"id":3,"tiny_url":"3","long_url":"https://www.baidu.com/3"}]
2021-05-11T09:09:36.593Z [79c5b660-ef73-4a8b-9b7a-64e341dc02b5] [1bbde73a-7dcc-4d7a-b658-2d2da587bcf3] info: commit
2021-05-11T09:16:59.775Z [f88c1893-581d-470b-93a3-37dff972997c] [b6d252d4-50c1-444c-a1e9-4314214c4fda] info: {"longUrl":"https://www.baidu.com/3"}
2021-05-11T09:16:59.886Z [f88c1893-581d-470b-93a3-37dff972997c] [b6d252d4-50c1-444c-a1e9-4314214c4fda] error: TypeError: this.query is not a function
    at beginTransaction (D:\home\tinyurl\node_modules\_mysql@2.18.1@mysql\lib\Connection.js:151:15)
    at PoolConnection.conn.constructor.beginTransaction (D:\home\tinyurl\db.js:49:10)
    at D:\home\tinyurl\db.js:64:9
    at processTicksAndRejections (internal/process/task_queues.js:93:5)
2021-05-11T09:17:33.539Z [2e5ceee7-8612-4a8a-9761-1cbf4679c75f] [cce31534-f987-430f-bdfb-bd54ae53274c] info: {"longUrl":"https://www.baidu.com/3"}
2021-05-11T09:17:33.664Z [2e5ceee7-8612-4a8a-9761-1cbf4679c75f] [cce31534-f987-430f-bdfb-bd54ae53274c] error: TypeError: this.query is not a function
    at beginTransaction (D:\home\tinyurl\node_modules\_mysql@2.18.1@mysql\lib\Connection.js:151:15)
    at PoolConnection.conn.constructor.beginTransaction (D:\home\tinyurl\db.js:49:10)
    at D:\home\tinyurl\db.js:64:9
    at processTicksAndRejections (internal/process/task_queues.js:93:5)
2021-05-11T09:20:57.601Z [1c895341-82c1-42df-a2eb-4865da2b6887] [aef8a780-592f-42b3-b67e-bc4b82435293] info: {"longUrl":"https://www.baidu.com/3"}
2021-05-11T09:20:57.709Z [1c895341-82c1-42df-a2eb-4865da2b6887] [aef8a780-592f-42b3-b67e-bc4b82435293] error: TypeError: this.query is not a function
    at beginTransaction (D:\home\tinyurl\node_modules\_mysql@2.18.1@mysql\lib\Connection.js:151:15)
    at PoolConnection.conn.beginTransaction (D:\home\tinyurl\db.js:44:10)
    at D:\home\tinyurl\db.js:59:9
    at processTicksAndRejections (internal/process/task_queues.js:93:5)
2021-05-11T09:20:58.588Z [1c895341-82c1-42df-a2eb-4865da2b6887] [70c3e8cb-a191-4cf3-ae7d-868fd5652854] info: {"longUrl":"https://www.baidu.com/3"}
2021-05-11T09:20:58.609Z [1c895341-82c1-42df-a2eb-4865da2b6887] [70c3e8cb-a191-4cf3-ae7d-868fd5652854] error: TypeError: this.query is not a function
    at beginTransaction (D:\home\tinyurl\node_modules\_mysql@2.18.1@mysql\lib\Connection.js:151:15)
    at PoolConnection.conn.beginTransaction (D:\home\tinyurl\db.js:44:10)
    at D:\home\tinyurl\db.js:59:9
    at processTicksAndRejections (internal/process/task_queues.js:93:5)
2021-05-11T09:21:34.314Z [b2b8e818-a678-4b83-97fd-9580adc2884c] [b8f2c942-ebdc-4842-8c15-aca389bb9bf4] info: {"longUrl":"https://www.baidu.com/3"}
2021-05-11T09:21:34.433Z [b2b8e818-a678-4b83-97fd-9580adc2884c] [b8f2c942-ebdc-4842-8c15-aca389bb9bf4] error: TypeError: this.query is not a function
    at beginTransaction (D:\home\tinyurl\node_modules\_mysql@2.18.1@mysql\lib\Connection.js:151:15)
    at PoolConnection.conn.beginTransaction (D:\home\tinyurl\db.js:44:10)
    at D:\home\tinyurl\db.js:60:9
    at processTicksAndRejections (internal/process/task_queues.js:93:5)
